spec/parser/flow_sensitive_typing_spec.rb:2.833531000011135
spec/pin/method_spec.rb:2.1155049999943003
spec/source/chain_spec.rb:2.051872000010917
spec/rbs_map_spec.rb:1.6378260000201408
spec/source/source_chainer_spec.rb:0.782007000001613
spec/diagnostics/type_check_spec.rb:0.5934520000009798
spec/language_server/message/text_document/type_definition_spec.rb:0.48828400002093986
spec/convention_spec.rb:0.24250100000062957
spec/api_map/index_spec.rb:0.022086999990278855
spec/source/chain/constant_spec.rb:0.019666000007418916
spec/source/chain/literal_spec.rb:0.017955000017536804
spec/pin/combine_with_spec.rb:0.005975999985821545
spec/language_server/host/message_worker_spec.rb:0.005041999975219369
spec/workspace/config_spec.rb:0.003792000003159046
spec/api_map/cache_spec.rb:0.0030030000198166817
spec/pin/search_spec.rb:0.000901999999769032
spec/complex_type/unique_type_spec.rb:0.00044499998330138624
spec/source/chain/call_spec.rb:8.694724999979371
spec/rbs_map/conversions_spec.rb:2.364409000001615
spec/convention/activesupport_concern_spec.rb:1.3549990000028629
spec/language_server/message/text_document/definition_spec.rb:1.1764510000066366
spec/language_server/protocol_spec.rb:0.9354319999984
spec/complex_type_spec.rb:0.6957209999964107
spec/source_map/mapper_spec.rb:0.6735090000147466
spec/language_server/message/text_document/hover_spec.rb:0.1836759999860078
spec/language_server/message/workspace/did_change_watched_files_spec.rb:0.05829699998139404
spec/language_server/message/initialize_spec.rb:0.0123240000102669
spec/parser/node_chainer_spec.rb:0.012198999989777803
spec/parser/node_methods_spec.rb:0.005478000006405637
spec/language_server/uri_helpers_spec.rb:0.00205199999618344
spec/parser_spec.rb:0.0012719999940600246
spec/pin/documenting_spec.rb:0.0008420000085607171
spec/pin/constant_spec.rb:0.0005150000215508044
spec/source/chain/link_spec.rb:0.00048000001697801054
spec/source/chain/array_spec.rb:0.00034899997990578413
spec/pin/keyword_spec.rb:9.200000204145908e-05
spec/type_checker/levels/typed_spec.rb:17.06391200001235
spec/pin/base_variable_spec.rb:0.49064100001123734
spec/diagnostics/require_not_found_spec.rb:0.37786599999526516
spec/api_map/store_spec.rb:0.24749399998108856
spec/pin/base_spec.rb:0.22538600000552833
spec/source/chain/global_variable_spec.rb:0.025301999994553626
spec/language_server/host/diagnoser_spec.rb:0.007955000008223578
spec/source/cursor_spec.rb:0.004138999996939674
spec/language_server/message_spec.rb:0.0015610000118613243
spec/pin/method_alias_spec.rb:0.00045399999362416565
spec/position_spec.rb:0.00041700000292621553
spec/source/chain/class_variable_spec.rb:0.0004140000091865659
spec/library_spec.rb:15.087453000014648
spec/pin/local_variable_spec.rb:1.257486999995308
spec/diagnostics/rubocop_spec.rb:1.097308999975212
spec/convention/struct_definition_spec.rb:0.8356930000009015
spec/pin/delegated_method_spec.rb:0.37205700000049546
spec/source/chain/q_call_spec.rb:0.22859600000083447
spec/source/chain/z_super_spec.rb:0.06280600000172853
spec/diagnostics/update_errors_spec.rb:0.026749999989988282
spec/api_map/config_spec.rb:0.00786000001244247
spec/rbs_map/stdlib_map_spec.rb:0.006338000006508082
spec/parser/node_processor_spec.rb:0.005274999974062666
spec/yard_map/mapper/to_method_spec.rb:0.0030719999922439456
spec/source/change_spec.rb:0.001357999979518354
spec/language_server/transport/data_reader_spec.rb:0.00020400001085363328
spec/source/chain/head_spec.rb:0.00017899999511428177
spec/pin/parameter_spec.rb:6.296593999984907
spec/api_map_method_spec.rb:3.729546000016853
spec/workspace/gemspecs_resolve_require_spec.rb:3.406676000013249
spec/shell_spec.rb:2.0584040000103414
spec/yard_map/mapper_spec.rb:1.5831159999943338
spec/workspace/gemspecs_fetch_dependencies_spec.rb:1.2263030000030994
spec/api_map/constants_spec.rb:0.6155290000024252
spec/diagnostics/rubocop_helpers_spec.rb:0.5695389999891631
spec/language_server/transport/adapter_spec.rb:0.20772500001476146
spec/source/chain/instance_variable_spec.rb:0.0337850000069011
spec/api_map/source_to_yard_spec.rb:0.02226700002211146
spec/workspace/gemspecs_find_gem_spec.rb:0.01667399998405017
spec/language_server/message/completion_item/resolve_spec.rb:0.00914300000295043
spec/pin/namespace_spec.rb:0.0015030000067781657
spec/type_checker/rules_spec.rb:0.0011689999955706298
spec/diagnostics_spec.rb:0.0004610000178217888
spec/diagnostics/base_spec.rb:0.0001449999981559813
spec/doc_map_spec.rb:4.773218000016641
spec/workspace/require_paths_spec.rb:3.413786999997683
spec/convention/gemfile_spec.rb:2.8036969999957364
spec/language_server/message/extended/check_gem_version_spec.rb:2.2211780000070576
spec/yardoc_spec.rb:2.139534999994794
spec/language_server/message/text_document/rename_spec.rb:1.623290999996243
spec/complex_type/conforms_to_spec.rb:0.987976999982493
spec/language_server/message/text_document/formatting_spec.rb:0.9810560000187252
spec/type_checker_spec.rb:0.7090679999964777
spec/source_spec.rb:0.09150699997553602
spec/logging_spec.rb:0.0027310000150464475
spec/source_map/node_processor_spec.rb:0.002203000010922551
spec/language_server/message/workspace/did_change_configuration_spec.rb:0.0013220000255387276
spec/pin/block_spec.rb:0.0011569999915082008
spec/pin/symbol_spec.rb:0.000614999997196719
spec/source/updater_spec.rb:0.0005689999961759895
spec/pin/instance_variable_spec.rb:0.0004830000107176602
spec/type_checker/levels/alpha_spec.rb:4.420573000010336
spec/language_server/host_spec.rb:4.271099999983562
spec/gem_pins_spec.rb:3.252444000012474
spec/api_map_spec.rb:2.8428080000157934
spec/pin_cache_spec.rb:2.1292580000008456
spec/rbs_map/core_map_spec.rb:1.4518410000018775
spec/workspace_spec.rb:1.1714219999848865
spec/source/chain/or_spec.rb:0.4800159999867901
spec/language_server/host/dispatch_spec.rb:0.35667099998681806
spec/source_map_spec.rb:0.281221999990521
spec/source_map/clip_spec.rb:22.63660699999309
spec/type_checker/levels/strong_spec.rb:25.854432000021916
spec/type_checker/levels/normal_spec.rb:31.006626999995206
spec/type_checker/levels/strict_spec.rb:33.33830899998429
